2026-01-19 23:37:18,349 - INFO - Starting Data Processing...
2026-01-19 23:37:18,350 - INFO - Found 15 MSCI files.
2026-01-19 23:37:18,350 - INFO - Reading emerging_market_imi.xlsx...
2026-01-19 23:37:18,524 - INFO -   Applied TER of 0.18% to emerging_market_imi
2026-01-19 23:37:18,524 - INFO - Reading japan.xlsx...
2026-01-19 23:37:18,534 - INFO -   Applied TER of 0.58% to japan
2026-01-19 23:37:18,534 - INFO - Reading pacific.xlsx...
2026-01-19 23:37:18,544 - INFO -   Applied TER of 0.20% to pacific
2026-01-19 23:37:18,544 - INFO - Reading switzerland.xlsx...
2026-01-19 23:37:18,552 - INFO -   Applied TER of 0.20% to switzerland
2026-01-19 23:37:18,552 - INFO - Reading uk.xlsx...
2026-01-19 23:37:18,562 - INFO -   Applied TER of 0.33% to uk
2026-01-19 23:37:18,562 - INFO - Reading us_small_cap_value.xlsx...
2026-01-19 23:37:18,572 - INFO -   Applied TER of 0.30% to us_small_cap_value
2026-01-19 23:37:18,572 - INFO - Reading world.xlsx...
2026-01-19 23:37:18,583 - INFO -   Applied TER of 0.20% to world
2026-01-19 23:37:18,583 - INFO - Reading world_acwi.xlsx...
2026-01-19 23:37:18,592 - INFO -   Applied TER of 0.20% to world_acwi
2026-01-19 23:37:18,592 - INFO - Reading world_acwi_imi.xlsx...
2026-01-19 23:37:18,603 - INFO -   Applied TER of 0.17% to world_acwi_imi
2026-01-19 23:37:18,603 - INFO - Reading world_imi.xlsx...
2026-01-19 23:37:18,613 - INFO -   Applied TER of 0.17% to world_imi
2026-01-19 23:37:18,613 - INFO - Reading world_min_vol.xlsx...
2026-01-19 23:37:18,623 - INFO -   Applied TER of 0.30% to world_min_vol
2026-01-19 23:37:18,623 - INFO - Reading world_momentum.xlsx...
2026-01-19 23:37:18,634 - INFO -   Applied TER of 0.25% to world_momentum
2026-01-19 23:37:18,634 - INFO - Reading world_quality.xlsx...
2026-01-19 23:37:18,644 - INFO -   Applied TER of 0.25% to world_quality
2026-01-19 23:37:18,644 - INFO - Reading world_small_cap_value.xlsx...
2026-01-19 23:37:18,655 - INFO -   Applied TER of 0.39% to world_small_cap_value
2026-01-19 23:37:18,655 - INFO - Reading world_value.xlsx...
2026-01-19 23:37:18,665 - INFO -   Applied TER of 0.25% to world_value
2026-01-19 23:37:18,672 - INFO - Fetching additional YFinance assets...
2026-01-19 23:37:18,672 - INFO - Downloading ^SP500TR from 1970-01-01...
2026-01-19 23:37:18,998 - INFO -   Applied TER of 0.07% to sp500_tr_usd
2026-01-19 23:37:18,999 - INFO - Downloading BRK-B from 1970-01-01...
2026-01-19 23:37:19,099 - INFO - Downloading QQQ from 1970-01-01...
2026-01-19 23:37:19,228 - INFO -   Applied TER of 0.30% to nasdaq_tr_usd
2026-01-19 23:37:19,229 - INFO - Downloading DGEIX from 1970-01-01...
2026-01-19 23:37:19,350 - INFO -   Applied TER of 0.26% to dgeix_usd
2026-01-19 23:37:19,350 - INFO - Downloading DFEMX from 1970-01-01...
2026-01-19 23:37:19,485 - INFO -   Applied TER of 0.36% to dfemx_usd
2026-01-19 23:37:19,486 - INFO - Downloading ^BCOM from 1970-01-01...
2026-01-19 23:37:19,586 - INFO -   Applied TER of 0.30% to commodity_usd
2026-01-19 23:37:19,586 - INFO - Calculating DBMF portfolio (SG CTA Index + DBMF)...
2026-01-19 23:37:19,587 - INFO - Downloading DBMF from 2019-05-08...
2026-01-19 23:37:19,694 - INFO -   Applied TER of 0.75% to dbmf
2026-01-19 23:37:19,694 - INFO - Calculating NTSG (Global Efficient Core) portfolio with Global Data...
2026-01-19 23:37:26,305 - INFO -   Applied TER of 0.25% to ntsg
2026-01-19 23:37:26,306 - INFO - Calculating EUR Government Bonds 10y portfolio...
2026-01-19 23:37:26,564 - INFO -   Applied TER of 0.15% to eur_government_bonds_10y
2026-01-19 23:37:26,564 - INFO - Reading gold.csv...
2026-01-19 23:37:26,573 - INFO -   Applied TER of 0.12% to gold_usd
2026-01-19 23:37:26,574 - INFO - Calculating CASH portfolio (Local Market rates)...
2026-01-19 23:37:27,222 - INFO -   Applied TER of 0.10% to cash_eur
2026-01-19 23:37:27,223 - INFO -   Applied TER of 0.10% to cash_usd
2026-01-19 23:37:27,223 - INFO - Calculating WisdomTree Enhanced Commodity portfolio...
2026-01-19 23:37:27,399 - INFO -   Applied TER of 0.70% to commodity_enhanced_usd
2026-01-19 23:37:27,400 - INFO - Calculating L&G Multi-Strategy Enhanced Commodities portfolio...
2026-01-19 23:37:27,612 - INFO -   Applied TER of 0.30% to lg_commodity_usd
2026-01-19 23:37:27,614 - INFO - Calculating Bloomberg Roll Select Commodity portfolio...
2026-01-19 23:37:27,818 - INFO -   Applied TER of 0.28% to roll_select_commodity_usd
2026-01-19 23:37:27,819 - INFO - Calculating UBS CMCI Composite Commodity portfolio...
2026-01-19 23:37:28,024 - INFO -   Applied TER of 0.34% to ubs_commodity_usd
2026-01-19 23:37:28,024 - INFO - Fetching exchange rates (FRED + YFinance fallback)...
2026-01-19 23:37:29,346 - INFO - Downloading EURUSD=X from 2025-01-01...
2026-01-19 23:37:29,436 - INFO - Calculating cross-currency columns...
2026-01-19 23:37:29,816 - INFO - Success! Final Shape: (1333, 55)
2026-02-13 18:23:43,248 - INFO - Starting Data Processing...
2026-02-13 18:23:43,249 - INFO - Found 15 MSCI files.
2026-02-13 18:23:43,249 - INFO - Reading emerging_market_imi.xlsx...
2026-02-13 18:23:43,373 - INFO -   Applied TER of 0.18% to emerging_market_imi
2026-02-13 18:23:43,373 - INFO - Reading japan.xlsx...
2026-02-13 18:23:43,383 - INFO -   Applied TER of 0.58% to japan
2026-02-13 18:23:43,384 - INFO - Reading pacific.xlsx...
2026-02-13 18:23:43,395 - INFO -   Applied TER of 0.20% to pacific
2026-02-13 18:23:43,395 - INFO - Reading switzerland.xlsx...
2026-02-13 18:23:43,405 - INFO -   Applied TER of 0.20% to switzerland
2026-02-13 18:23:43,405 - INFO - Reading uk.xlsx...
2026-02-13 18:23:43,415 - INFO -   Applied TER of 0.33% to uk
2026-02-13 18:23:43,415 - INFO - Reading us_small_cap_value.xlsx...
2026-02-13 18:23:43,426 - INFO -   Applied TER of 0.30% to us_small_cap_value
2026-02-13 18:23:43,426 - INFO - Reading world.xlsx...
2026-02-13 18:23:43,437 - INFO -   Applied TER of 0.20% to world
2026-02-13 18:23:43,437 - INFO - Reading world_acwi.xlsx...
2026-02-13 18:23:43,447 - INFO -   Applied TER of 0.20% to world_acwi
2026-02-13 18:23:43,447 - INFO - Reading world_acwi_imi.xlsx...
2026-02-13 18:23:43,457 - INFO -   Applied TER of 0.17% to world_acwi_imi
2026-02-13 18:23:43,458 - INFO - Reading world_imi.xlsx...
2026-02-13 18:23:43,471 - INFO -   Applied TER of 0.17% to world_imi
2026-02-13 18:23:43,471 - INFO - Reading world_min_vol.xlsx...
2026-02-13 18:23:43,482 - INFO -   Applied TER of 0.30% to world_min_vol
2026-02-13 18:23:43,482 - INFO - Reading world_momentum.xlsx...
2026-02-13 18:23:43,493 - INFO -   Applied TER of 0.25% to world_momentum
2026-02-13 18:23:43,493 - INFO - Reading world_quality.xlsx...
2026-02-13 18:23:43,503 - INFO -   Applied TER of 0.25% to world_quality
2026-02-13 18:23:43,504 - INFO - Reading world_small_cap_value.xlsx...
2026-02-13 18:23:43,515 - INFO -   Applied TER of 0.39% to world_small_cap_value
2026-02-13 18:23:43,515 - INFO - Reading world_value.xlsx...
2026-02-13 18:23:43,525 - INFO -   Applied TER of 0.25% to world_value
2026-02-13 18:23:43,532 - INFO - Fetching additional YFinance assets...
2026-02-13 18:23:43,532 - INFO - Downloading ^SP500TR from 1970-01-01...
2026-02-13 18:23:43,962 - INFO -   Applied TER of 0.07% to sp500_tr_usd
2026-02-13 18:23:43,964 - INFO - Downloading BRK-B from 1970-01-01...
2026-02-13 18:23:44,067 - INFO - Downloading QQQ from 1970-01-01...
2026-02-13 18:23:44,204 - INFO -   Applied TER of 0.30% to nasdaq_tr_usd
2026-02-13 18:23:44,205 - INFO - Downloading DGEIX from 1970-01-01...
2026-02-13 18:23:44,328 - INFO -   Backfilling DGEIX with World ACWI IMI...
2026-02-13 18:23:44,342 - INFO -   Applied TER of 0.26% to dgeix_usd
2026-02-13 18:23:44,343 - INFO - Downloading DFEMX from 1970-01-01...
2026-02-13 18:23:44,480 - INFO -   Applied TER of 0.36% to dfemx_usd
2026-02-13 18:23:44,481 - INFO - Downloading ^BCOM from 1970-01-01...
2026-02-13 18:23:44,594 - INFO -   Applied TER of 0.30% to commodity_usd
2026-02-13 18:23:44,595 - INFO - Calculating DBMF portfolio (SG CTA Index + DBMF)...
2026-02-13 18:23:44,596 - INFO - Downloading DBMF from 2019-05-08...
2026-02-13 18:23:44,704 - INFO -   Applied TER of 0.75% to dbmf
2026-02-13 18:23:44,705 - INFO - Calculating NTSG (Global Efficient Core) portfolio with Global Data...
2026-02-13 18:23:52,142 - INFO -   Applied TER of 0.25% to ntsg
2026-02-13 18:23:52,144 - INFO - Calculating Dimensional Global Core Equity (DEGC) portfolio...
2026-02-13 18:23:52,144 - INFO - Downloading DFUSX from 1999-01-01...
2026-02-13 18:23:52,282 - INFO - Downloading DFIVX from 1999-01-01...
2026-02-13 18:23:52,418 - INFO - Downloading DFISX from 1999-01-01...
2026-02-13 18:23:52,572 - INFO -   Applied TER of 0.26% to degc
2026-02-13 18:23:52,573 - INFO - Calculating EUR Government Bonds 10y portfolio...
2026-02-13 18:23:52,833 - INFO -   Applied TER of 0.15% to eur_government_bonds_10y
2026-02-13 18:23:52,834 - INFO - Reading gold.csv...
2026-02-13 18:23:52,844 - INFO -   Applied TER of 0.12% to gold_usd
2026-02-13 18:23:52,845 - INFO - Calculating Xtrackers II EUR Overnight Rate Swap (XEON) portfolio...
2026-02-13 18:23:54,824 - INFO - Calculating WisdomTree Enhanced Commodity portfolio...
2026-02-13 18:23:55,011 - INFO -   Applied TER of 0.70% to commodity_enhanced_usd
2026-02-13 18:23:55,011 - INFO - Calculating L&G Multi-Strategy Enhanced Commodities portfolio...
2026-02-13 18:23:55,229 - INFO -   Applied TER of 0.30% to lg_commodity_usd
2026-02-13 18:23:55,229 - INFO - Calculating Bloomberg Roll Select Commodity portfolio...
2026-02-13 18:23:55,455 - INFO -   Applied TER of 0.28% to roll_select_commodity_usd
2026-02-13 18:23:55,455 - INFO - Calculating UBS CMCI Composite Commodity portfolio...
2026-02-13 18:23:55,681 - INFO -   Applied TER of 0.34% to ubs_commodity_usd
2026-02-13 18:23:55,681 - INFO - Fetching exchange rates (FRED + YFinance fallback)...
2026-02-13 18:23:58,470 - INFO - Downloading EURUSD=X from 2025-01-01...
2026-02-13 18:23:58,547 - INFO - Calculating cross-currency columns...
2026-02-13 18:23:58,896 - INFO - Success! Final Shape: (1334, 55)
2026-02-13 19:10:55,240 - INFO - Starting Data Processing...
2026-02-13 19:10:55,240 - INFO - Found 15 MSCI files.
2026-02-13 19:10:55,240 - INFO - Reading emerging_market_imi.xlsx...
2026-02-13 19:10:55,389 - INFO -   Applied TER of 0.18% to emerging_market_imi
2026-02-13 19:10:55,389 - INFO - Reading japan.xlsx...
2026-02-13 19:10:55,400 - INFO -   Applied TER of 0.58% to japan
2026-02-13 19:10:55,400 - INFO - Reading pacific.xlsx...
2026-02-13 19:10:55,409 - INFO -   Applied TER of 0.20% to pacific
2026-02-13 19:10:55,409 - INFO - Reading switzerland.xlsx...
2026-02-13 19:10:55,417 - INFO -   Applied TER of 0.20% to switzerland
2026-02-13 19:10:55,417 - INFO - Reading uk.xlsx...
2026-02-13 19:10:55,428 - INFO -   Applied TER of 0.33% to uk
2026-02-13 19:10:55,428 - INFO - Reading us_small_cap_value.xlsx...
2026-02-13 19:10:55,438 - INFO -   Applied TER of 0.30% to us_small_cap_value
2026-02-13 19:10:55,438 - INFO - Reading world.xlsx...
2026-02-13 19:10:55,448 - INFO -   Applied TER of 0.20% to world
2026-02-13 19:10:55,448 - INFO - Reading world_acwi.xlsx...
2026-02-13 19:10:55,458 - INFO -   Applied TER of 0.20% to world_acwi
2026-02-13 19:10:55,458 - INFO - Reading world_acwi_imi.xlsx...
2026-02-13 19:10:55,468 - INFO -   Applied TER of 0.17% to world_acwi_imi
2026-02-13 19:10:55,468 - INFO - Reading world_imi.xlsx...
2026-02-13 19:10:55,480 - INFO -   Applied TER of 0.17% to world_imi
2026-02-13 19:10:55,480 - INFO - Reading world_min_vol.xlsx...
2026-02-13 19:10:55,490 - INFO -   Applied TER of 0.30% to world_min_vol
2026-02-13 19:10:55,491 - INFO - Reading world_momentum.xlsx...
2026-02-13 19:10:55,501 - INFO -   Applied TER of 0.25% to world_momentum
2026-02-13 19:10:55,501 - INFO - Reading world_quality.xlsx...
2026-02-13 19:10:55,511 - INFO -   Applied TER of 0.25% to world_quality
2026-02-13 19:10:55,511 - INFO - Reading world_small_cap_value.xlsx...
2026-02-13 19:10:55,522 - INFO -   Applied TER of 0.39% to world_small_cap_value
2026-02-13 19:10:55,522 - INFO - Reading world_value.xlsx...
2026-02-13 19:10:55,532 - INFO -   Applied TER of 0.25% to world_value
2026-02-13 19:10:55,539 - INFO - Fetching additional YFinance assets...
2026-02-13 19:10:55,539 - INFO - Downloading ^SP500TR from 1970-01-01...
2026-02-13 19:10:55,983 - INFO -   Applied TER of 0.07% to sp500_tr_usd
2026-02-13 19:10:55,985 - INFO - Downloading BRK-B from 1970-01-01...
2026-02-13 19:10:56,078 - INFO - Downloading QQQ from 1970-01-01...
2026-02-13 19:10:56,212 - INFO -   Applied TER of 0.30% to nasdaq_tr_usd
2026-02-13 19:10:56,213 - INFO - Downloading DGEIX from 1970-01-01...
2026-02-13 19:10:56,338 - INFO -   Backfilling DGEIX with World ACWI IMI...
2026-02-13 19:10:56,352 - INFO -   Applied TER of 0.26% to dgeix_usd
2026-02-13 19:10:56,353 - INFO - Downloading DFEMX from 1970-01-01...
2026-02-13 19:10:56,481 - INFO -   Applied TER of 0.36% to dfemx_usd
2026-02-13 19:10:56,481 - INFO - Downloading ^BCOM from 1970-01-01...
2026-02-13 19:10:56,584 - INFO -   Applied TER of 0.30% to commodity_usd
2026-02-13 19:10:56,584 - INFO - Calculating DBMF portfolio (SG CTA Index + DBMF)...
2026-02-13 19:10:56,585 - INFO - Downloading DBMF from 2019-05-08...
2026-02-13 19:10:56,684 - INFO -   Applied TER of 0.75% to dbmf
2026-02-13 19:10:56,685 - INFO - Calculating NTSG (Global Efficient Core) portfolio with Global Data...
2026-02-13 19:11:01,894 - INFO -   Applied TER of 0.25% to ntsg
2026-02-13 19:11:01,895 - INFO - Calculating Dimensional Global Core Equity (DEGC) portfolio...
2026-02-13 19:11:01,895 - INFO - Downloading DFUSX from 1999-01-01...
2026-02-13 19:11:02,044 - INFO - Downloading DFIVX from 1999-01-01...
2026-02-13 19:11:02,190 - INFO - Downloading DFISX from 1999-01-01...
2026-02-13 19:11:02,346 - INFO -   Applied TER of 0.26% to degc
2026-02-13 19:11:02,347 - INFO - Calculating EUR Government Bonds 10y portfolio...
2026-02-13 19:11:02,604 - INFO -   Applied TER of 0.15% to eur_government_bonds_10y
2026-02-13 19:11:02,604 - INFO - Reading gold.csv...
2026-02-13 19:11:02,614 - INFO -   Applied TER of 0.12% to gold_usd
2026-02-13 19:11:02,614 - INFO - Calculating Xtrackers II EUR Overnight Rate Swap (XEON) portfolio...
2026-02-13 19:11:03,623 - INFO - Calculating WisdomTree Enhanced Commodity portfolio...
2026-02-13 19:11:03,812 - INFO -   Applied TER of 0.70% to commodity_enhanced_usd
2026-02-13 19:11:03,813 - INFO - Calculating L&G Multi-Strategy Enhanced Commodities portfolio...
2026-02-13 19:11:04,033 - INFO -   Applied TER of 0.30% to lg_commodity_usd
2026-02-13 19:11:04,033 - INFO - Calculating Bloomberg Roll Select Commodity portfolio...
2026-02-13 19:11:04,278 - INFO -   Applied TER of 0.28% to roll_select_commodity_usd
2026-02-13 19:11:04,278 - INFO - Calculating UBS CMCI Composite Commodity portfolio...
2026-02-13 19:11:04,499 - INFO -   Applied TER of 0.34% to ubs_commodity_usd
2026-02-13 19:11:04,499 - INFO - Fetching exchange rates (FRED + YFinance fallback)...
2026-02-13 19:11:05,849 - INFO - Downloading EURUSD=X from 2025-01-01...
2026-02-13 19:11:05,932 - INFO - Calculating cross-currency columns...
2026-02-13 19:11:06,285 - INFO - Success! Final Shape: (1334, 55)
