2026-01-22 19:36:32,404 - INFO - Starting Data Processing...
2026-01-22 19:36:32,405 - INFO - Found 15 MSCI files.
2026-01-22 19:36:32,405 - INFO - Reading emerging_market_imi.xlsx...
2026-01-22 19:36:32,678 - INFO -   Applied TER of 0.18% to emerging_market_imi
2026-01-22 19:36:32,678 - INFO - Reading japan.xlsx...
2026-01-22 19:36:32,689 - INFO -   Applied TER of 0.58% to japan
2026-01-22 19:36:32,689 - INFO - Reading pacific.xlsx...
2026-01-22 19:36:32,698 - INFO -   Applied TER of 0.20% to pacific
2026-01-22 19:36:32,698 - INFO - Reading switzerland.xlsx...
2026-01-22 19:36:32,707 - INFO -   Applied TER of 0.20% to switzerland
2026-01-22 19:36:32,707 - INFO - Reading uk.xlsx...
2026-01-22 19:36:32,717 - INFO -   Applied TER of 0.33% to uk
2026-01-22 19:36:32,717 - INFO - Reading us_small_cap_value.xlsx...
2026-01-22 19:36:32,727 - INFO -   Applied TER of 0.30% to us_small_cap_value
2026-01-22 19:36:32,727 - INFO - Reading world.xlsx...
2026-01-22 19:36:32,737 - INFO -   Applied TER of 0.20% to world
2026-01-22 19:36:32,737 - INFO - Reading world_acwi.xlsx...
2026-01-22 19:36:32,747 - INFO -   Applied TER of 0.20% to world_acwi
2026-01-22 19:36:32,747 - INFO - Reading world_acwi_imi.xlsx...
2026-01-22 19:36:32,757 - INFO -   Applied TER of 0.17% to world_acwi_imi
2026-01-22 19:36:32,757 - INFO - Reading world_imi.xlsx...
2026-01-22 19:36:32,768 - INFO -   Applied TER of 0.17% to world_imi
2026-01-22 19:36:32,768 - INFO - Reading world_min_vol.xlsx...
2026-01-22 19:36:32,778 - INFO -   Applied TER of 0.30% to world_min_vol
2026-01-22 19:36:32,778 - INFO - Reading world_momentum.xlsx...
2026-01-22 19:36:32,789 - INFO -   Applied TER of 0.25% to world_momentum
2026-01-22 19:36:32,789 - INFO - Reading world_quality.xlsx...
2026-01-22 19:36:32,799 - INFO -   Applied TER of 0.25% to world_quality
2026-01-22 19:36:32,799 - INFO - Reading world_small_cap_value.xlsx...
2026-01-22 19:36:32,810 - INFO -   Applied TER of 0.39% to world_small_cap_value
2026-01-22 19:36:32,810 - INFO - Reading world_value.xlsx...
2026-01-22 19:36:32,820 - INFO -   Applied TER of 0.25% to world_value
2026-01-22 19:36:32,827 - INFO - Fetching additional YFinance assets...
2026-01-22 19:36:32,827 - INFO - Downloading ^SP500TR from 1970-01-01...
2026-01-22 19:36:33,157 - INFO -   Applied TER of 0.07% to sp500_tr_usd
2026-01-22 19:36:33,158 - INFO - Downloading BRK-B from 1970-01-01...
2026-01-22 19:36:33,258 - INFO - Downloading QQQ from 1970-01-01...
2026-01-22 19:36:33,407 - INFO -   Applied TER of 0.30% to nasdaq_tr_usd
2026-01-22 19:36:33,408 - INFO - Downloading DGEIX from 1970-01-01...
2026-01-22 19:36:33,531 - INFO -   Backfilling DGEIX with World ACWI IMI...
2026-01-22 19:36:33,547 - INFO -   Applied TER of 0.26% to dgeix_usd
2026-01-22 19:36:33,548 - INFO - Downloading DFEMX from 1970-01-01...
2026-01-22 19:36:33,684 - INFO -   Applied TER of 0.36% to dfemx_usd
2026-01-22 19:36:33,685 - INFO - Downloading ^BCOM from 1970-01-01...
2026-01-22 19:36:33,794 - INFO -   Applied TER of 0.30% to commodity_usd
2026-01-22 19:36:33,795 - INFO - Calculating DBMF portfolio (SG CTA Index + DBMF)...
2026-01-22 19:36:33,796 - INFO - Downloading DBMF from 2019-05-08...
2026-01-22 19:36:33,891 - INFO -   Applied TER of 0.75% to dbmf
2026-01-22 19:36:33,891 - INFO - Calculating NTSG (Global Efficient Core) portfolio with Global Data...
2026-01-22 19:36:37,135 - INFO -   Applied TER of 0.25% to ntsg
2026-01-22 19:36:37,136 - INFO - Calculating Dimensional Global Core Equity (DEGC) portfolio...
2026-01-22 19:36:37,136 - INFO - Downloading DFUSX from 1999-01-01...
2026-01-22 19:36:37,260 - INFO - Downloading DFIVX from 1999-01-01...
2026-01-22 19:36:37,385 - INFO - Downloading DFISX from 1999-01-01...
2026-01-22 19:36:37,519 - INFO -   Applied TER of 0.26% to degc
2026-01-22 19:36:37,520 - INFO - Calculating EUR Government Bonds 10y portfolio...
2026-01-22 19:36:37,764 - INFO -   Applied TER of 0.15% to eur_government_bonds_10y
2026-01-22 19:36:37,765 - INFO - Reading gold.csv...
2026-01-22 19:36:37,777 - INFO -   Applied TER of 0.12% to gold_usd
2026-01-22 19:36:37,779 - INFO - Calculating CASH portfolio (Local Market rates)...
2026-01-22 19:36:40,716 - INFO -   Applied TER of 0.10% to cash_eur
2026-01-22 19:36:40,717 - INFO -   Applied TER of 0.10% to cash_usd
2026-01-22 19:36:40,718 - INFO - Calculating WisdomTree Enhanced Commodity portfolio...
2026-01-22 19:36:40,908 - INFO -   Applied TER of 0.70% to commodity_enhanced_usd
2026-01-22 19:36:40,909 - INFO - Calculating L&G Multi-Strategy Enhanced Commodities portfolio...
2026-01-22 19:36:41,153 - INFO -   Applied TER of 0.30% to lg_commodity_usd
2026-01-22 19:36:41,153 - INFO - Calculating Bloomberg Roll Select Commodity portfolio...
2026-01-22 19:36:41,407 - INFO -   Applied TER of 0.28% to roll_select_commodity_usd
2026-01-22 19:36:41,408 - INFO - Calculating UBS CMCI Composite Commodity portfolio...
2026-01-22 19:36:41,658 - INFO -   Applied TER of 0.34% to ubs_commodity_usd
2026-01-22 19:36:41,659 - INFO - Fetching exchange rates (FRED + YFinance fallback)...
2026-01-22 19:36:43,057 - INFO - Downloading EURUSD=X from 2025-01-01...
2026-01-22 19:36:43,164 - INFO - Calculating cross-currency columns...
2026-01-22 19:36:43,529 - INFO - Success! Final Shape: (1333, 57)
2026-01-23 18:57:29,794 - INFO - Starting Data Processing...
2026-01-23 18:57:29,794 - INFO - Found 15 MSCI files.
2026-01-23 18:57:29,794 - INFO - Reading emerging_market_imi.xlsx...
2026-01-23 18:57:29,947 - INFO -   Applied TER of 0.18% to emerging_market_imi
2026-01-23 18:57:29,947 - INFO - Reading japan.xlsx...
2026-01-23 18:57:29,957 - INFO -   Applied TER of 0.58% to japan
2026-01-23 18:57:29,957 - INFO - Reading pacific.xlsx...
2026-01-23 18:57:29,968 - INFO -   Applied TER of 0.20% to pacific
2026-01-23 18:57:29,968 - INFO - Reading switzerland.xlsx...
2026-01-23 18:57:29,977 - INFO -   Applied TER of 0.20% to switzerland
2026-01-23 18:57:29,977 - INFO - Reading uk.xlsx...
2026-01-23 18:57:29,987 - INFO -   Applied TER of 0.33% to uk
2026-01-23 18:57:29,987 - INFO - Reading us_small_cap_value.xlsx...
2026-01-23 18:57:29,998 - INFO -   Applied TER of 0.30% to us_small_cap_value
2026-01-23 18:57:29,998 - INFO - Reading world.xlsx...
2026-01-23 18:57:30,009 - INFO -   Applied TER of 0.20% to world
2026-01-23 18:57:30,009 - INFO - Reading world_acwi.xlsx...
2026-01-23 18:57:30,019 - INFO -   Applied TER of 0.20% to world_acwi
2026-01-23 18:57:30,019 - INFO - Reading world_acwi_imi.xlsx...
2026-01-23 18:57:30,030 - INFO -   Applied TER of 0.17% to world_acwi_imi
2026-01-23 18:57:30,030 - INFO - Reading world_imi.xlsx...
2026-01-23 18:57:30,040 - INFO -   Applied TER of 0.17% to world_imi
2026-01-23 18:57:30,040 - INFO - Reading world_min_vol.xlsx...
2026-01-23 18:57:30,051 - INFO -   Applied TER of 0.30% to world_min_vol
2026-01-23 18:57:30,052 - INFO - Reading world_momentum.xlsx...
2026-01-23 18:57:30,062 - INFO -   Applied TER of 0.25% to world_momentum
2026-01-23 18:57:30,063 - INFO - Reading world_quality.xlsx...
2026-01-23 18:57:30,072 - INFO -   Applied TER of 0.25% to world_quality
2026-01-23 18:57:30,073 - INFO - Reading world_small_cap_value.xlsx...
2026-01-23 18:57:30,083 - INFO -   Applied TER of 0.39% to world_small_cap_value
2026-01-23 18:57:30,083 - INFO - Reading world_value.xlsx...
2026-01-23 18:57:30,093 - INFO -   Applied TER of 0.25% to world_value
2026-01-23 18:57:30,098 - INFO - Fetching additional YFinance assets...
2026-01-23 18:57:30,098 - INFO - Downloading ^SP500TR from 1970-01-01...
2026-01-23 18:57:45,684 - INFO -   Applied TER of 0.07% to sp500_tr_usd
2026-01-23 18:57:45,686 - INFO - Downloading BRK-B from 1970-01-01...
2026-01-23 18:57:53,659 - INFO - Downloading QQQ from 1970-01-01...
2026-01-23 18:58:01,041 - INFO -   Applied TER of 0.30% to nasdaq_tr_usd
2026-01-23 18:58:01,042 - INFO - Downloading DGEIX from 1970-01-01...
2026-01-23 18:58:07,755 - INFO -   Backfilling DGEIX with World ACWI IMI...
2026-01-23 18:58:07,777 - INFO -   Applied TER of 0.26% to dgeix_usd
2026-01-23 18:58:07,778 - INFO - Downloading DFEMX from 1970-01-01...
2026-01-23 18:58:14,596 - INFO -   Applied TER of 0.36% to dfemx_usd
2026-01-23 18:58:14,598 - INFO - Downloading ^BCOM from 1970-01-01...
2026-01-23 18:58:20,655 - INFO -   Applied TER of 0.30% to commodity_usd
2026-01-23 18:58:20,656 - INFO - Calculating DBMF portfolio (SG CTA Index + DBMF)...
2026-01-23 18:58:20,659 - INFO - Downloading DBMF from 2019-05-08...
2026-01-23 18:58:26,661 - INFO -   Applied TER of 0.75% to dbmf
2026-01-23 18:58:26,662 - INFO - Calculating NTSG (Global Efficient Core) portfolio with Global Data...
2026-01-23 18:59:19,966 - INFO -   Applied TER of 0.25% to ntsg
2026-01-23 18:59:19,967 - INFO - Calculating Dimensional Global Core Equity (DEGC) portfolio...
2026-01-23 18:59:19,967 - INFO - Downloading DFUSX from 1999-01-01...
2026-01-23 18:59:26,865 - INFO - Downloading DFIVX from 1999-01-01...
2026-01-23 18:59:32,231 - INFO - Downloading DFISX from 1999-01-01...
2026-01-23 18:59:37,785 - INFO -   Applied TER of 0.26% to degc
2026-01-23 18:59:37,786 - INFO - Calculating EUR Government Bonds 10y portfolio...
2026-01-23 18:59:53,894 - ERROR - 
1 Failed download:
2026-01-23 18:59:53,895 - ERROR - ['SXRQ.DE']: TypeError("'NoneType' object is not subscriptable")
2026-01-23 18:59:53,900 - INFO -   Applied TER of 0.15% to eur_government_bonds_10y
2026-01-23 18:59:53,902 - INFO - Reading gold.csv...
2026-01-23 18:59:53,920 - INFO -   Applied TER of 0.12% to gold_usd
2026-01-23 18:59:53,921 - INFO - Calculating Xtrackers II EUR Overnight Rate Swap (XEON) portfolio...
2026-01-23 19:00:13,260 - ERROR - 
1 Failed download:
2026-01-23 19:00:13,262 - ERROR - ['XEON.DE']: TypeError("'NoneType' object is not subscriptable")
2026-01-23 19:00:32,474 - INFO - Calculating WisdomTree Enhanced Commodity portfolio...
2026-01-23 19:00:45,820 - INFO -   Applied TER of 0.70% to commodity_enhanced_usd
2026-01-23 19:00:45,821 - INFO - Calculating L&G Multi-Strategy Enhanced Commodities portfolio...
2026-01-23 19:00:55,834 - ERROR - 
2 Failed downloads:
2026-01-23 19:00:55,835 - ERROR - ['DBC', '^SPGSCI']: TypeError("'NoneType' object is not subscriptable")
2026-01-23 19:00:55,841 - INFO - Calculating Bloomberg Roll Select Commodity portfolio...
2026-01-23 19:01:05,866 - ERROR - 
2 Failed downloads:
2026-01-23 19:01:05,867 - ERROR - ['^SPGSCI', '^BCOM']: TypeError("'NoneType' object is not subscriptable")
2026-01-23 19:01:05,884 - INFO -   Applied TER of 0.28% to roll_select_commodity_usd
2026-01-23 19:01:05,885 - INFO - Calculating UBS CMCI Composite Commodity portfolio...
2026-01-23 19:01:15,906 - ERROR - 
2 Failed downloads:
2026-01-23 19:01:15,907 - ERROR - ['^SPGSCI', 'UC14.L']: TypeError("'NoneType' object is not subscriptable")
2026-01-23 19:01:15,916 - INFO -   Applied TER of 0.34% to ubs_commodity_usd
2026-01-23 19:01:15,918 - INFO - Fetching exchange rates (FRED + YFinance fallback)...
2026-01-23 19:01:51,205 - INFO - Downloading EURUSD=X from 2025-01-01...
2026-01-23 19:02:01,223 - ERROR - 
1 Failed download:
2026-01-23 19:02:01,223 - ERROR - ['EURUSD=X']: TypeError("'NoneType' object is not subscriptable")
2026-01-23 19:02:01,241 - INFO - Calculating cross-currency columns...
2026-01-23 19:02:01,580 - INFO - Success! Final Shape: (1333, 53)
2026-02-13 18:12:11,282 - INFO - Starting Data Processing...
2026-02-13 18:12:11,282 - INFO - Found 15 MSCI files.
2026-02-13 18:12:11,282 - INFO - Reading emerging_market_imi.xlsx...
2026-02-13 18:12:11,541 - INFO -   Applied TER of 0.18% to emerging_market_imi
2026-02-13 18:12:11,541 - INFO - Reading japan.xlsx...
2026-02-13 18:12:11,556 - INFO -   Applied TER of 0.58% to japan
2026-02-13 18:12:11,556 - INFO - Reading pacific.xlsx...
2026-02-13 18:12:11,566 - INFO -   Applied TER of 0.20% to pacific
2026-02-13 18:12:11,566 - INFO - Reading switzerland.xlsx...
2026-02-13 18:12:11,575 - INFO -   Applied TER of 0.20% to switzerland
2026-02-13 18:12:11,575 - INFO - Reading uk.xlsx...
2026-02-13 18:12:11,585 - INFO -   Applied TER of 0.33% to uk
2026-02-13 18:12:11,585 - INFO - Reading us_small_cap_value.xlsx...
2026-02-13 18:12:11,596 - INFO -   Applied TER of 0.30% to us_small_cap_value
2026-02-13 18:12:11,597 - INFO - Reading world.xlsx...
2026-02-13 18:12:11,608 - INFO -   Applied TER of 0.20% to world
2026-02-13 18:12:11,608 - INFO - Reading world_acwi.xlsx...
2026-02-13 18:12:11,618 - INFO -   Applied TER of 0.20% to world_acwi
2026-02-13 18:12:11,619 - INFO - Reading world_acwi_imi.xlsx...
2026-02-13 18:12:11,630 - INFO -   Applied TER of 0.17% to world_acwi_imi
2026-02-13 18:12:11,630 - INFO - Reading world_imi.xlsx...
2026-02-13 18:12:11,641 - INFO -   Applied TER of 0.17% to world_imi
2026-02-13 18:12:11,641 - INFO - Reading world_min_vol.xlsx...
2026-02-13 18:12:11,652 - INFO -   Applied TER of 0.30% to world_min_vol
2026-02-13 18:12:11,652 - INFO - Reading world_momentum.xlsx...
2026-02-13 18:12:11,664 - INFO -   Applied TER of 0.25% to world_momentum
2026-02-13 18:12:11,665 - INFO - Reading world_quality.xlsx...
2026-02-13 18:12:11,674 - INFO -   Applied TER of 0.25% to world_quality
2026-02-13 18:12:11,674 - INFO - Reading world_small_cap_value.xlsx...
2026-02-13 18:12:11,686 - INFO -   Applied TER of 0.39% to world_small_cap_value
2026-02-13 18:12:11,686 - INFO - Reading world_value.xlsx...
2026-02-13 18:12:11,697 - INFO -   Applied TER of 0.25% to world_value
2026-02-13 18:12:11,701 - INFO - Fetching additional YFinance assets...
2026-02-13 18:12:11,701 - INFO - Downloading ^SP500TR from 1970-01-01...
2026-02-13 18:12:12,218 - INFO -   Applied TER of 0.07% to sp500_tr_usd
2026-02-13 18:12:12,219 - INFO - Downloading BRK-B from 1970-01-01...
2026-02-13 18:12:12,413 - INFO - Downloading QQQ from 1970-01-01...
2026-02-13 18:12:12,606 - INFO -   Applied TER of 0.30% to nasdaq_tr_usd
2026-02-13 18:12:12,607 - INFO - Downloading DGEIX from 1970-01-01...
2026-02-13 18:12:12,808 - INFO -   Backfilling DGEIX with World ACWI IMI...
2026-02-13 18:12:12,827 - INFO -   Applied TER of 0.26% to dgeix_usd
2026-02-13 18:12:12,827 - INFO - Downloading DFEMX from 1970-01-01...
2026-02-13 18:12:13,068 - INFO -   Applied TER of 0.36% to dfemx_usd
2026-02-13 18:12:13,069 - INFO - Downloading ^BCOM from 1970-01-01...
2026-02-13 18:12:13,224 - INFO -   Applied TER of 0.30% to commodity_usd
2026-02-13 18:12:13,225 - INFO - Calculating DBMF portfolio (SG CTA Index + DBMF)...
2026-02-13 18:12:13,227 - INFO - Downloading DBMF from 2019-05-08...
2026-02-13 18:12:13,394 - INFO -   Applied TER of 0.75% to dbmf
2026-02-13 18:12:13,395 - INFO - Calculating NTSG (Global Efficient Core) portfolio with Global Data...
2026-02-13 18:12:16,288 - INFO -   Applied TER of 0.25% to ntsg
2026-02-13 18:12:16,289 - INFO - Calculating Dimensional Global Core Equity (DEGC) portfolio...
2026-02-13 18:12:16,289 - INFO - Downloading DFUSX from 1999-01-01...
2026-02-13 18:12:16,479 - INFO - Downloading DFIVX from 1999-01-01...
2026-02-13 18:12:16,704 - INFO - Downloading DFISX from 1999-01-01...
2026-02-13 18:12:17,091 - INFO -   Applied TER of 0.26% to degc
2026-02-13 18:12:17,092 - INFO - Calculating EUR Government Bonds 10y portfolio...
2026-02-13 18:12:17,444 - INFO -   Applied TER of 0.15% to eur_government_bonds_10y
2026-02-13 18:12:17,445 - INFO - Reading gold.csv...
2026-02-13 18:12:17,454 - INFO -   Applied TER of 0.12% to gold_usd
2026-02-13 18:12:17,455 - INFO - Calculating Xtrackers II EUR Overnight Rate Swap (XEON) portfolio...
2026-02-13 18:12:19,660 - INFO - Calculating WisdomTree Enhanced Commodity portfolio...
2026-02-13 18:12:19,992 - INFO -   Applied TER of 0.70% to commodity_enhanced_usd
2026-02-13 18:12:19,994 - INFO - Calculating L&G Multi-Strategy Enhanced Commodities portfolio...
2026-02-13 18:12:20,322 - INFO -   Applied TER of 0.30% to lg_commodity_usd
2026-02-13 18:12:20,324 - INFO - Calculating Bloomberg Roll Select Commodity portfolio...
2026-02-13 18:12:20,670 - INFO -   Applied TER of 0.28% to roll_select_commodity_usd
2026-02-13 18:12:20,670 - INFO - Calculating UBS CMCI Composite Commodity portfolio...
2026-02-13 18:12:20,927 - INFO -   Applied TER of 0.34% to ubs_commodity_usd
2026-02-13 18:12:20,928 - INFO - Fetching exchange rates (FRED + YFinance fallback)...
2026-02-13 18:12:21,395 - INFO - Downloading EURUSD=X from 2025-01-01...
2026-02-13 18:12:21,544 - INFO - Calculating cross-currency columns...
2026-02-13 18:12:21,975 - INFO - Success! Final Shape: (1334, 55)
2026-02-13 18:25:03,956 - INFO - Starting Data Processing...
2026-02-13 18:25:03,956 - INFO - Found 15 MSCI files.
2026-02-13 18:25:03,956 - INFO - Reading emerging_market_imi.xlsx...
2026-02-13 18:25:04,064 - INFO -   Applied TER of 0.18% to emerging_market_imi
2026-02-13 18:25:04,064 - INFO - Reading japan.xlsx...
2026-02-13 18:25:04,075 - INFO -   Applied TER of 0.58% to japan
2026-02-13 18:25:04,075 - INFO - Reading pacific.xlsx...
2026-02-13 18:25:04,085 - INFO -   Applied TER of 0.20% to pacific
2026-02-13 18:25:04,085 - INFO - Reading switzerland.xlsx...
2026-02-13 18:25:04,093 - INFO -   Applied TER of 0.20% to switzerland
2026-02-13 18:25:04,093 - INFO - Reading uk.xlsx...
2026-02-13 18:25:04,104 - INFO -   Applied TER of 0.33% to uk
2026-02-13 18:25:04,104 - INFO - Reading us_small_cap_value.xlsx...
2026-02-13 18:25:04,116 - INFO -   Applied TER of 0.30% to us_small_cap_value
2026-02-13 18:25:04,117 - INFO - Reading world.xlsx...
2026-02-13 18:25:04,127 - INFO -   Applied TER of 0.20% to world
2026-02-13 18:25:04,128 - INFO - Reading world_acwi.xlsx...
2026-02-13 18:25:04,138 - INFO -   Applied TER of 0.20% to world_acwi
2026-02-13 18:25:04,138 - INFO - Reading world_acwi_imi.xlsx...
2026-02-13 18:25:04,150 - INFO -   Applied TER of 0.17% to world_acwi_imi
2026-02-13 18:25:04,150 - INFO - Reading world_imi.xlsx...
2026-02-13 18:25:04,161 - INFO -   Applied TER of 0.17% to world_imi
2026-02-13 18:25:04,162 - INFO - Reading world_min_vol.xlsx...
2026-02-13 18:25:04,173 - INFO -   Applied TER of 0.30% to world_min_vol
2026-02-13 18:25:04,173 - INFO - Reading world_momentum.xlsx...
2026-02-13 18:25:04,185 - INFO -   Applied TER of 0.25% to world_momentum
2026-02-13 18:25:04,185 - INFO - Reading world_quality.xlsx...
2026-02-13 18:25:04,195 - INFO -   Applied TER of 0.25% to world_quality
2026-02-13 18:25:04,196 - INFO - Reading world_small_cap_value.xlsx...
2026-02-13 18:25:04,207 - INFO -   Applied TER of 0.39% to world_small_cap_value
2026-02-13 18:25:04,207 - INFO - Reading world_value.xlsx...
2026-02-13 18:25:04,219 - INFO -   Applied TER of 0.25% to world_value
2026-02-13 18:25:04,226 - INFO - Fetching additional YFinance assets...
2026-02-13 18:25:04,226 - INFO - Downloading ^SP500TR from 1970-01-01...
2026-02-13 18:25:04,559 - INFO -   Applied TER of 0.07% to sp500_tr_usd
2026-02-13 18:25:04,561 - INFO - Downloading BRK-B from 1970-01-01...
2026-02-13 18:25:04,650 - INFO - Downloading QQQ from 1970-01-01...
2026-02-13 18:25:04,776 - INFO -   Applied TER of 0.30% to nasdaq_tr_usd
2026-02-13 18:25:04,777 - INFO - Downloading DGEIX from 1970-01-01...
2026-02-13 18:25:04,915 - INFO -   Backfilling DGEIX with World ACWI IMI...
2026-02-13 18:25:04,933 - INFO -   Applied TER of 0.26% to dgeix_usd
2026-02-13 18:25:04,933 - INFO - Downloading DFEMX from 1970-01-01...
2026-02-13 18:25:05,100 - INFO -   Applied TER of 0.36% to dfemx_usd
2026-02-13 18:25:05,100 - INFO - Downloading ^BCOM from 1970-01-01...
2026-02-13 18:25:05,220 - INFO -   Applied TER of 0.30% to commodity_usd
2026-02-13 18:25:05,221 - INFO - Calculating DBMF portfolio (SG CTA Index + DBMF)...
2026-02-13 18:25:05,222 - INFO - Downloading DBMF from 2019-05-08...
2026-02-13 18:25:05,327 - INFO -   Applied TER of 0.75% to dbmf
2026-02-13 18:25:05,327 - INFO - Calculating NTSG (Global Efficient Core) portfolio with Global Data...
2026-02-13 18:25:06,104 - INFO -   Applied TER of 0.25% to ntsg
2026-02-13 18:25:06,105 - INFO - Calculating Dimensional Global Core Equity (DEGC) portfolio...
2026-02-13 18:25:06,105 - INFO - Downloading DFUSX from 1999-01-01...
2026-02-13 18:25:06,289 - INFO - Downloading DFIVX from 1999-01-01...
2026-02-13 18:25:06,435 - INFO - Downloading DFISX from 1999-01-01...
2026-02-13 18:25:06,592 - INFO -   Applied TER of 0.26% to degc
2026-02-13 18:25:06,593 - INFO - Calculating EUR Government Bonds 10y portfolio...
2026-02-13 18:25:06,885 - INFO -   Applied TER of 0.15% to eur_government_bonds_10y
2026-02-13 18:25:06,886 - INFO - Reading gold.csv...
2026-02-13 18:25:06,896 - INFO -   Applied TER of 0.12% to gold_usd
2026-02-13 18:25:06,897 - INFO - Calculating Xtrackers II EUR Overnight Rate Swap (XEON) portfolio...
2026-02-13 18:25:07,380 - INFO - Calculating WisdomTree Enhanced Commodity portfolio...
2026-02-13 18:25:07,566 - INFO -   Applied TER of 0.70% to commodity_enhanced_usd
2026-02-13 18:25:07,567 - INFO - Calculating L&G Multi-Strategy Enhanced Commodities portfolio...
2026-02-13 18:25:07,833 - INFO -   Applied TER of 0.30% to lg_commodity_usd
2026-02-13 18:25:07,834 - INFO - Calculating Bloomberg Roll Select Commodity portfolio...
2026-02-13 18:25:08,043 - INFO -   Applied TER of 0.28% to roll_select_commodity_usd
2026-02-13 18:25:08,043 - INFO - Calculating UBS CMCI Composite Commodity portfolio...
2026-02-13 18:25:08,263 - INFO -   Applied TER of 0.34% to ubs_commodity_usd
2026-02-13 18:25:08,264 - INFO - Fetching exchange rates (FRED + YFinance fallback)...
2026-02-13 18:25:08,447 - INFO - Downloading EURUSD=X from 2025-01-01...
2026-02-13 18:25:08,529 - INFO - Calculating cross-currency columns...
2026-02-13 18:25:08,858 - INFO - Success! Final Shape: (1334, 55)
2026-02-13 19:16:49,056 - INFO - Starting Data Processing...
2026-02-13 19:16:49,057 - INFO - Found 15 MSCI files.
2026-02-13 19:16:49,057 - INFO - Reading emerging_market_imi.xlsx...
2026-02-13 19:16:49,163 - INFO -   Applied TER of 0.18% to emerging_market_imi
2026-02-13 19:16:49,163 - INFO - Reading japan.xlsx...
2026-02-13 19:16:49,173 - INFO -   Applied TER of 0.58% to japan
2026-02-13 19:16:49,173 - INFO - Reading pacific.xlsx...
2026-02-13 19:16:49,183 - INFO -   Applied TER of 0.20% to pacific
2026-02-13 19:16:49,183 - INFO - Reading switzerland.xlsx...
2026-02-13 19:16:49,191 - INFO -   Applied TER of 0.20% to switzerland
2026-02-13 19:16:49,191 - INFO - Reading uk.xlsx...
2026-02-13 19:16:49,202 - INFO -   Applied TER of 0.33% to uk
2026-02-13 19:16:49,202 - INFO - Reading us_small_cap_value.xlsx...
2026-02-13 19:16:49,212 - INFO -   Applied TER of 0.30% to us_small_cap_value
2026-02-13 19:16:49,212 - INFO - Reading world.xlsx...
2026-02-13 19:16:49,222 - INFO -   Applied TER of 0.20% to world
2026-02-13 19:16:49,222 - INFO - Reading world_acwi.xlsx...
2026-02-13 19:16:49,232 - INFO -   Applied TER of 0.20% to world_acwi
2026-02-13 19:16:49,232 - INFO - Reading world_acwi_imi.xlsx...
2026-02-13 19:16:49,243 - INFO -   Applied TER of 0.17% to world_acwi_imi
2026-02-13 19:16:49,243 - INFO - Reading world_imi.xlsx...
2026-02-13 19:16:49,253 - INFO -   Applied TER of 0.17% to world_imi
2026-02-13 19:16:49,253 - INFO - Reading world_min_vol.xlsx...
2026-02-13 19:16:49,263 - INFO -   Applied TER of 0.30% to world_min_vol
2026-02-13 19:16:49,263 - INFO - Reading world_momentum.xlsx...
2026-02-13 19:16:49,274 - INFO -   Applied TER of 0.25% to world_momentum
2026-02-13 19:16:49,274 - INFO - Reading world_quality.xlsx...
2026-02-13 19:16:49,284 - INFO -   Applied TER of 0.25% to world_quality
2026-02-13 19:16:49,284 - INFO - Reading world_small_cap_value.xlsx...
2026-02-13 19:16:49,294 - INFO -   Applied TER of 0.39% to world_small_cap_value
2026-02-13 19:16:49,294 - INFO - Reading world_value.xlsx...
2026-02-13 19:16:49,304 - INFO -   Applied TER of 0.25% to world_value
2026-02-13 19:16:49,310 - INFO - Fetching additional YFinance assets...
2026-02-13 19:16:49,310 - INFO - Downloading ^SP500TR from 1970-01-01...
2026-02-13 19:16:49,819 - INFO -   Applied TER of 0.07% to sp500_tr_usd
2026-02-13 19:16:49,821 - INFO - Downloading BRK-B from 1970-01-01...
2026-02-13 19:16:50,005 - INFO - Downloading QQQ from 1970-01-01...
2026-02-13 19:16:50,223 - INFO -   Applied TER of 0.30% to nasdaq_tr_usd
2026-02-13 19:16:50,224 - INFO - Downloading DGEIX from 1970-01-01...
2026-02-13 19:16:50,462 - INFO -   Backfilling DGEIX with World ACWI IMI...
2026-02-13 19:16:50,481 - INFO -   Applied TER of 0.26% to dgeix_usd
2026-02-13 19:16:50,482 - INFO - Downloading DFEMX from 1970-01-01...
2026-02-13 19:16:50,722 - INFO -   Applied TER of 0.36% to dfemx_usd
2026-02-13 19:16:50,723 - INFO - Downloading ^BCOM from 1970-01-01...
2026-02-13 19:16:50,902 - INFO -   Applied TER of 0.30% to commodity_usd
2026-02-13 19:16:50,903 - INFO - Calculating DBMF portfolio (SG CTA Index + DBMF)...
2026-02-13 19:16:50,904 - INFO - Downloading DBMF from 2019-05-08...
2026-02-13 19:16:51,077 - INFO -   Applied TER of 0.75% to dbmf
2026-02-13 19:16:51,078 - INFO - Calculating NTSG (Global Efficient Core) portfolio with Global Data...
2026-02-13 19:16:58,564 - INFO -   Applied TER of 0.25% to ntsg
2026-02-13 19:16:58,565 - INFO - Calculating Dimensional Global Core Equity (DEGC) portfolio...
2026-02-13 19:16:58,565 - INFO - Downloading DFUSX from 1999-01-01...
2026-02-13 19:16:58,798 - INFO - Downloading DFIVX from 1999-01-01...
2026-02-13 19:16:59,019 - INFO - Downloading DFISX from 1999-01-01...
2026-02-13 19:16:59,244 - INFO -   Applied TER of 0.26% to degc
2026-02-13 19:16:59,244 - INFO - Calculating EUR Government Bonds 10y portfolio...
2026-02-13 19:16:59,651 - INFO -   Applied TER of 0.15% to eur_government_bonds_10y
2026-02-13 19:16:59,651 - INFO - Reading gold.csv...
2026-02-13 19:16:59,660 - INFO -   Applied TER of 0.12% to gold_usd
2026-02-13 19:16:59,661 - INFO - Calculating Xtrackers II EUR Overnight Rate Swap (XEON) portfolio...
2026-02-13 19:17:02,071 - INFO - Calculating WisdomTree Enhanced Commodity portfolio...
2026-02-13 19:17:02,415 - INFO -   Applied TER of 0.70% to commodity_enhanced_usd
2026-02-13 19:17:02,416 - INFO - Calculating L&G Multi-Strategy Enhanced Commodities portfolio...
2026-02-13 19:17:02,768 - INFO -   Applied TER of 0.30% to lg_commodity_usd
2026-02-13 19:17:02,769 - INFO - Calculating Bloomberg Roll Select Commodity portfolio...
2026-02-13 19:17:03,129 - INFO -   Applied TER of 0.28% to roll_select_commodity_usd
2026-02-13 19:17:03,130 - INFO - Calculating UBS CMCI Composite Commodity portfolio...
2026-02-13 19:17:03,554 - INFO -   Applied TER of 0.34% to ubs_commodity_usd
2026-02-13 19:17:03,555 - INFO - Fetching exchange rates (FRED + YFinance fallback)...
2026-02-13 19:17:06,232 - INFO - Downloading EURUSD=X from 2025-01-01...
2026-02-13 19:17:06,418 - INFO - Calculating cross-currency columns...
2026-02-13 19:17:06,761 - INFO - Success! Final Shape: (1334, 55)
